<?xml version="1.0" encoding="UTF-8"?>
<testng-results skipped="0" failed="0" ignored="0" total="1" passed="1">
  <reporter-output>
  </reporter-output>
  <suite name="Default suite" duration-ms="66863" started-at="2020-06-23T04:22:40Z" finished-at="2020-06-23T04:23:47Z">
    <groups>
    </groups>
    <test name="Default test" duration-ms="66863" started-at="2020-06-23T04:22:40Z" finished-at="2020-06-23T04:23:47Z">
      <class name="com.dyt.ors.SmokeTC.SmoketestCases">
        <test-method status="PASS" signature="setupReport()[pri:0, instance:com.dyt.ors.SmokeTC.SmoketestCases@57baeedf]" name="setupReport" is-config="true" duration-ms="202" started-at="2020-06-23T04:22:39Z" finished-at="2020-06-23T04:22:40Z">
          <reporter-output>
          </reporter-output>
        </test-method> <!-- setupReport -->
        <test-method status="PASS" signature="launchBrowser(java.lang.reflect.Method)[pri:0, instance:com.dyt.ors.SmokeTC.SmoketestCases@57baeedf]" name="launchBrowser" is-config="true" duration-ms="26563" started-at="2020-06-23T04:22:40Z" finished-at="2020-06-23T04:23:06Z">
          <params>
            <param index="0">
              <value>
                <![CDATA[public static void com.dyt.ors.SmokeTC.SmoketestCases.TC004_editMainCategory()]]>
              </value>
            </param>
          </params>
          <reporter-output>
          </reporter-output>
        </test-method> <!-- launchBrowser -->
        <test-method status="PASS" signature="TC004_editMainCategory()[pri:0, instance:com.dyt.ors.SmokeTC.SmoketestCases@57baeedf]" name="TC004_editMainCategory" duration-ms="39123" started-at="2020-06-23T04:23:06Z" finished-at="2020-06-23T04:23:45Z">
          <reporter-output>
          </reporter-output>
        </test-method> <!-- TC004_editMainCategory -->
        <test-method status="PASS" signature="closeBrowser()[pri:0, instance:com.dyt.ors.SmokeTC.SmoketestCases@57baeedf]" name="closeBrowser" is-config="true" duration-ms="1155" started-at="2020-06-23T04:23:45Z" finished-at="2020-06-23T04:23:47Z">
          <reporter-output>
          </reporter-output>
        </test-method> <!-- closeBrowser -->
        <test-method status="PASS" signature="flushReportAndOpen()[pri:0, instance:com.dyt.ors.SmokeTC.SmoketestCases@57baeedf]" name="flushReportAndOpen" is-config="true" duration-ms="20130" started-at="2020-06-23T04:23:47Z" finished-at="2020-06-23T04:24:07Z">
          <reporter-output>
          </reporter-output>
        </test-method> <!-- flushReportAndOpen -->
      </class> <!-- com.dyt.ors.SmokeTC.SmoketestCases -->
    </test> <!-- Default test -->
  </suite> <!-- Default suite -->
</testng-results>
